# JRE version: OpenJDK Runtime Environment (17.0.7) (build 17.0.7+0-b2043.56-10550314)
# Java VM: OpenJDK 64-Bit Server VM (17.0.7+0-b2043.56-10550314, mixed mode, tiered, compressed oops, compressed class ptrs, g1 gc, windows-amd64)
GC Precious Log:
 CPUs: 6 total, 6 available
 Memory: 16326M
 Large Page Support: Disabled
 NUMA Support: Disabled
 Compressed Oops: Enabled (32-bit)
 Heap Region Size: 1M
 Heap Min Capacity: 8M
 Heap Initial Capacity: 256M
 Heap Max Capacity: 2G
 Pre-touch: Disabled
 Parallel Workers: 6
 Concurrent Workers: 2
 Concurrent Refinement Workers: 6
 Periodic GC: Disabled
Heap:
 garbage-first heap   total 459776K, used 280819K [0x0000000080000000, 0x0000000100000000)
  region size 1024K, 39 young (39936K), 3 survivors (3072K)
 Metaspace       used 169031K, committed 171456K, reserved 1245184K
  class space    used 22782K, committed 24000K, reserved 1048576K
GC Heap History (20 events):
Event: 10759.014 GC heap before
{Heap before GC invocations=95 (full 2):
 garbage-first heap   total 459776K, used 384133K [0x0000000080000000, 0x0000000100000000)
  region size 1024K, 56 young (57344K), 9 survivors (9216K)
 Metaspace       used 168767K, committed 171200K, reserved 1245184K
  class space    used 22815K, committed 24000K, reserved 1048576K
}
Event: 10759.022 GC heap after
{Heap after GC invocations=96 (full 2):
 garbage-first heap   total 459776K, used 341154K [0x0000000080000000, 0x0000000100000000)
  region size 1024K, 3 young (3072K), 3 survivors (3072K)
 Metaspace       used 168767K, committed 171200K, reserved 1245184K
  class space    used 22815K, committed 24000K, reserved 1048576K
}
Event: 10760.220 GC heap before
{Heap before GC invocations=96 (full 2):
 garbage-first heap   total 459776K, used 391330K [0x0000000080000000, 0x0000000100000000)
  region size 1024K, 51 young (52224K), 3 survivors (3072K)
 Metaspace       used 168818K, committed 171264K, reserved 1245184K
  class space    used 22816K, committed 24000K, reserved 1048576K
}
Event: 10760.223 GC heap after
{Heap after GC invocations=97 (full 2):
 garbage-first heap   total 459776K, used 340745K [0x0000000080000000, 0x0000000100000000)
  region size 1024K, 3 young (3072K), 3 survivors (3072K)
 Metaspace       used 168818K, committed 171264K, reserved 1245184K
  class space    used 22816K, committed 24000K, reserved 1048576K
}
Event: 10760.303 GC heap before
{Heap before GC invocations=97 (full 2):
 garbage-first heap   total 459776K, used 390921K [0x0000000080000000, 0x0000000100000000)
  region size 1024K, 53 young (54272K), 3 survivors (3072K)
 Metaspace       used 168828K, committed 171264K, reserved 1245184K
  class space    used 22816K, committed 24000K, reserved 1048576K
}
Event: 10760.308 GC heap after
{Heap after GC invocations=98 (full 2):
 garbage-first heap   total 459776K, used 347860K [0x0000000080000000, 0x0000000100000000)
  region size 1024K, 7 young (7168K), 7 survivors (7168K)
 Metaspace       used 168828K, committed 171264K, reserved 1245184K
  class space    used 22816K, committed 24000K, reserved 1048576K
}
Event: 10760.492 GC heap before
{Heap before GC invocations=98 (full 2):
 garbage-first heap   total 459776K, used 392916K [0x0000000080000000, 0x0000000100000000)
  region size 1024K, 51 young (52224K), 7 survivors (7168K)
 Metaspace       used 168846K, committed 171264K, reserved 1245184K
  class space    used 22816K, committed 24000K, reserved 1048576K
}
Event: 10760.497 GC heap after
{Heap after GC invocations=99 (full 2):
 garbage-first heap   total 459776K, used 349666K [0x0000000080000000, 0x0000000100000000)
  region size 1024K, 7 young (7168K), 7 survivors (7168K)
 Metaspace       used 168846K, committed 171264K, reserved 1245184K
  class space    used 22816K, committed 24000K, reserved 1048576K
}
Event: 10813.410 GC heap before
{Heap before GC invocations=99 (full 2):
 garbage-first heap   total 459776K, used 387554K [0x0000000080000000, 0x0000000100000000)
  region size 1024K, 33 young (33792K), 7 survivors (7168K)
 Metaspace       used 168873K, committed 171328K, reserved 1245184K
  class space    used 22819K, committed 24000K, reserved 1048576K
}
Event: 10813.745 GC heap after
{Heap after GC invocations=100 (full 3):
 garbage-first heap   total 459776K, used 201272K [0x0000000080000000, 0x0000000100000000)
  region size 1024K, 0 young (0K), 0 survivors (0K)
 Metaspace       used 168620K, committed 171328K, reserved 1245184K
  class space    used 22767K, committed 24000K, reserved 1048576K
}
Event: 12813.369 GC heap before
{Heap before GC invocations=100 (full 3):
 garbage-first heap   total 459776K, used 344632K [0x0000000080000000, 0x0000000100000000)
  region size 1024K, 139 young (142336K), 0 survivors (0K)
 Metaspace       used 168698K, committed 171328K, reserved 1245184K
  class space    used 22769K, committed 24000K, reserved 1048576K
}
Event: 12813.386 GC heap after
{Heap after GC invocations=101 (full 3):
 garbage-first heap   total 459776K, used 230014K [0x0000000080000000, 0x0000000100000000)
  region size 1024K, 18 young (18432K), 18 survivors (18432K)
 Metaspace       used 168698K, committed 171328K, reserved 1245184K
  class space    used 22769K, committed 24000K, reserved 1048576K
}
Event: 12814.801 GC heap before
{Heap before GC invocations=101 (full 3):
 garbage-first heap   total 459776K, used 360062K [0x0000000080000000, 0x0000000100000000)
  region size 1024K, 129 young (132096K), 18 survivors (18432K)
 Metaspace       used 168740K, committed 171328K, reserved 1245184K
  class space    used 22775K, committed 24000K, reserved 1048576K
}
Event: 12814.816 GC heap after
{Heap after GC invocations=102 (full 3):
 garbage-first heap   total 459776K, used 239111K [0x0000000080000000, 0x0000000100000000)
  region size 1024K, 9 young (9216K), 9 survivors (9216K)
 Metaspace       used 168740K, committed 171328K, reserved 1245184K
  class space    used 22775K, committed 24000K, reserved 1048576K
}
Event: 12816.215 GC heap before
{Heap before GC invocations=102 (full 3):
 garbage-first heap   total 459776K, used 353799K [0x0000000080000000, 0x0000000100000000)
  region size 1024K, 119 young (121856K), 9 survivors (9216K)
 Metaspace       used 168776K, committed 171328K, reserved 1245184K
  class space    used 22777K, committed 24000K, reserved 1048576K
}
Event: 12816.221 GC heap after
{Heap after GC invocations=103 (full 3):
 garbage-first heap   total 459776K, used 241578K [0x0000000080000000, 0x0000000100000000)
  region size 1024K, 11 young (11264K), 11 survivors (11264K)
 Metaspace       used 168776K, committed 171328K, reserved 1245184K
  class space    used 22777K, committed 24000K, reserved 1048576K
}
Event: 12849.362 GC heap before
{Heap before GC invocations=103 (full 3):
 garbage-first heap   total 459776K, used 370602K [0x0000000080000000, 0x0000000100000000)
  region size 1024K, 125 young (128000K), 11 survivors (11264K)
 Metaspace       used 168898K, committed 171392K, reserved 1245184K
  class space    used 22782K, committed 24000K, reserved 1048576K
}
Event: 12849.370 GC heap after
{Heap after GC invocations=104 (full 3):
 garbage-first heap   total 459776K, used 243034K [0x0000000080000000, 0x0000000100000000)
  region size 1024K, 10 young (10240K), 10 survivors (10240K)
 Metaspace       used 168898K, committed 171392K, reserved 1245184K
  class space    used 22782K, committed 24000K, reserved 1048576K
}
Event: 12865.051 GC heap before
{Heap before GC invocations=104 (full 3):
 garbage-first heap   total 459776K, used 360794K [0x0000000080000000, 0x0000000100000000)
  region size 1024K, 126 young (129024K), 10 survivors (10240K)
 Metaspace       used 168963K, committed 171392K, reserved 1245184K
  class space    used 22782K, committed 24000K, reserved 1048576K
}
Event: 12865.058 GC heap after
{Heap after GC invocations=105 (full 3):
 garbage-first heap   total 459776K, used 244979K [0x0000000080000000, 0x0000000100000000)
  region size 1024K, 3 young (3072K), 3 survivors (3072K)
 Metaspace       used 168963K, committed 171392K, reserved 1245184K
  class space    used 22782K, committed 24000K, reserved 1048576K
}

